<?xml version="1.0" encoding="UTF-8"?>
<!-- Generated by org.testng.reporters.JUnitXMLReporter -->
<testsuite ignored="0" hostname="DESKTOP-1CS46VP" failures="0" tests="6" name="Default test" time="127.631" errors="0" timestamp="2022-11-30T22:06:29 ICT">
  <testcase classname="com.atteam.selenium.testng.test.SayHelloTest" name="multipleSayHello" time="3.274"/>
  <testcase classname="com.atteam.selenium.testng.test.SayHelloTest" name="multipleSayHello" time="3.214"/>
  <testcase classname="com.atteam.selenium.testng.test.SayHelloTest" name="multipleSayHello" time="3.243"/>
  <testcase classname="com.atteam.selenium.testng.test.SayHelloTest" name="multipleSayHello" time="3.254"/>
  <testcase classname="com.atteam.selenium.testng.test.SayHelloTest" name="multipleSayHello" time="3.257"/>
  <testcase classname="com.atteam.selenium.testng.test.SayHelloTest" name="multipleSayHello" time="3.24"/>
</testsuite> <!-- Default test -->
