<?xml version="1.0" encoding="UTF-8"?>
<!-- Generated by org.testng.reporters.JUnitXMLReporter -->
<testsuite ignored="0" hostname="DESKTOP-1CS46VP" failures="0" tests="6" name="Default test" time="95.382" errors="0" timestamp="2022-11-30T22:34:37 ICT">
  <testcase classname="com.atteam.selenium.testng.test.SayHelloTest" name="multipleSayHello" time="3.289"/>
  <testcase classname="com.atteam.selenium.testng.test.SayHelloTest" name="multipleSayHello" time="3.27"/>
  <testcase classname="com.atteam.selenium.testng.test.SayHelloTest" name="multipleSayHello" time="3.248"/>
  <testcase classname="com.atteam.selenium.testng.test.SayHelloTest" name="multipleSayHello" time="3.258"/>
  <testcase classname="com.atteam.selenium.testng.test.SayHelloTest" name="multipleSayHello" time="3.271"/>
  <testcase classname="com.atteam.selenium.testng.test.SayHelloTest" name="multipleSayHello" time="3.257"/>
</testsuite> <!-- Default test -->
