<?xml version="1.0" encoding="UTF-8"?>
<!-- Generated by org.testng.reporters.JUnitXMLReporter -->
<testsuite ignored="0" hostname="DESKTOP-1CS46VP" failures="0" tests="13" name="test" time="253.442" errors="0" timestamp="2022-12-02T15:52:59 ICT">
  <testcase classname="com.atteam.selenium.testng.test.LoginTest" name="multipleLogin" time="8.542"/>
  <testcase classname="com.atteam.selenium.testng.test.LoginTest" name="multipleLogin" time="4.318"/>
  <testcase classname="com.atteam.selenium.testng.test.LoginTest" name="multipleLogin" time="4.25"/>
  <testcase classname="com.atteam.selenium.testng.test.LoginTest" name="multipleLogin" time="4.276"/>
  <testcase classname="com.atteam.selenium.testng.test.LoginTest" name="multipleLogin" time="4.278"/>
  <testcase classname="com.atteam.selenium.testng.test.LoginTest" name="multipleLogin" time="4.236"/>
  <testcase classname="com.atteam.selenium.testng.test.LoginTest" name="multipleLogin" time="4.241"/>
  <testcase classname="com.atteam.selenium.testng.test.SayHelloTest" name="multipleSayHello" time="3.316"/>
  <testcase classname="com.atteam.selenium.testng.test.SayHelloTest" name="multipleSayHello" time="3.335"/>
  <testcase classname="com.atteam.selenium.testng.test.SayHelloTest" name="multipleSayHello" time="3.284"/>
  <testcase classname="com.atteam.selenium.testng.test.SayHelloTest" name="multipleSayHello" time="3.264"/>
  <testcase classname="com.atteam.selenium.testng.test.SayHelloTest" name="multipleSayHello" time="3.293"/>
  <testcase classname="com.atteam.selenium.testng.test.SayHelloTest" name="multipleSayHello" time="3.271"/>
</testsuite> <!-- test -->
