<?xml version="1.0" encoding="UTF-8"?>
<!-- Generated by org.testng.reporters.JUnitXMLReporter -->
<testsuite ignored="0" hostname="DESKTOP-1CS46VP" failures="1" tests="1" name="Parameters Testing" time="0.062" errors="0" timestamp="2022-12-02T15:42:20 ICT">
  <testcase classname="com.atteam.selenium.testng.test.LoginTest" name="@AfterClass destroy" time="0.003">
    <failure type="java.lang.NullPointerException" message="Cannot invoke &amp;quot;com.attem.selenium.testng.logs.LoginData.writeLog(String, String, java.util.Set)&amp;quot; because &amp;quot;this.data&amp;quot; is null">
      <![CDATA[java.lang.NullPointerException: Cannot invoke "com.attem.selenium.testng.logs.LoginData.writeLog(String, String, java.util.Set)" because "this.data" is null
at com.atteam.selenium.testng.test.LoginTest.destroy(LoginTest.java:140)
at java.base/java.util.ArrayList.forEach(ArrayList.java:1511)
... Removed 25 stack frames]]>
    </failure>
  </testcase> <!-- @AfterClass destroy -->
  <testcase classname="com.atteam.selenium.testng.test.LoginTest" name="multipleLogin" time="0.0">
    <failure type="org.testng.TestNGException" message="
Method multipleLogin requires 3 parameters but 1 were supplied in the @Test annotation.">
      <![CDATA[org.testng.TestNGException: 
Method multipleLogin requires 3 parameters but 1 were supplied in the @Test annotation.
at java.base/java.util.ArrayList.forEach(ArrayList.java:1511)
... Removed 26 stack frames]]>
    </failure>
  </testcase> <!-- multipleLogin -->
</testsuite> <!-- Parameters Testing -->
