<?xml version="1.0" encoding="UTF-8"?>
<testng-results ignored="0" total="6" passed="6" failed="0" skipped="0">
  <reporter-output>
  </reporter-output>
  <suite started-at="2022-11-30T22:33:01 ICT" name="Default suite" finished-at="2022-11-30T22:34:37 ICT" duration-ms="95382">
    <groups>
    </groups>
    <test started-at="2022-11-30T22:33:01 ICT" name="Default test" finished-at="2022-11-30T22:34:37 ICT" duration-ms="95382">
      <class name="com.atteam.selenium.testng.test.SayHelloTest">
        <test-method is-config="true" signature="init()[pri:0, instance:com.atteam.selenium.testng.test.SayHelloTest@459e9125]" started-at="2022-11-30T22:33:01 ICT" name="init" finished-at="2022-11-30T22:33:01 ICT" duration-ms="5" status="PASS">
          <reporter-output>
          </reporter-output>
        </test-method> <!-- init -->
        <test-method is-config="true" signature="setUpClass()[pri:0, instance:com.atteam.selenium.testng.test.SayHelloTest@459e9125]" started-at="2022-11-30T22:33:02 ICT" name="setUpClass" finished-at="2022-11-30T22:33:04 ICT" duration-ms="2178" status="PASS">
          <reporter-output>
          </reporter-output>
        </test-method> <!-- setUpClass -->
        <test-method signature="multipleSayHello(java.lang.String,java.lang.String,java.lang.String,java.lang.String)[pri:0, instance:com.atteam.selenium.testng.test.SayHelloTest@459e9125]" started-at="2022-11-30T22:33:04 ICT" name="multipleSayHello" data-provider="sayHelloData" finished-at="2022-11-30T22:33:08 ICT" duration-ms="3289" status="PASS">
          <params>
            <param index="0">
              <value>
                <![CDATA[EMP01]]>
              </value>
            </param>
            <param index="1">
              <value>
                <![CDATA[123]]>
              </value>
            </param>
            <param index="2">
              <value>
                <![CDATA[Michael Scofield]]>
              </value>
            </param>
            <param index="3">
              <value>
                <![CDATA[Welcome Michael Scofield]]>
              </value>
            </param>
          </params>
          <reporter-output>
          </reporter-output>
        </test-method> <!-- multipleSayHello -->
        <test-method is-config="true" signature="tearDown(org.testng.ITestResult)[pri:0, instance:com.atteam.selenium.testng.test.SayHelloTest@459e9125]" started-at="2022-11-30T22:33:08 ICT" name="tearDown" finished-at="2022-11-30T22:33:24 ICT" duration-ms="16264" status="PASS">
          <params>
            <param index="0">
              <value>
                <![CDATA[[TestResult name=multipleSayHello status=SUCCESS method=SayHelloTest.multipleSayHello(java.lang.String,java.lang.String,java.lang.String,java.lang.String)[pri:0, instance:com.atteam.selenium.testng.test.SayHelloTest@459e9125] output={null}]]]>
              </value>
            </param>
          </params>
          <reporter-output>
          </reporter-output>
        </test-method> <!-- tearDown -->
        <test-method is-config="true" signature="setUpClass()[pri:0, instance:com.atteam.selenium.testng.test.SayHelloTest@459e9125]" started-at="2022-11-30T22:33:24 ICT" name="setUpClass" finished-at="2022-11-30T22:33:25 ICT" duration-ms="1591" status="PASS">
          <reporter-output>
          </reporter-output>
        </test-method> <!-- setUpClass -->
        <test-method signature="multipleSayHello(java.lang.String,java.lang.String,java.lang.String,java.lang.String)[pri:0, instance:com.atteam.selenium.testng.test.SayHelloTest@459e9125]" started-at="2022-11-30T22:33:25 ICT" name="multipleSayHello" data-provider="sayHelloData" finished-at="2022-11-30T22:33:29 ICT" duration-ms="3270" status="PASS">
          <params>
            <param index="0">
              <value>
                <![CDATA[EMP02]]>
              </value>
            </param>
            <param index="1">
              <value>
                <![CDATA[123]]>
              </value>
            </param>
            <param index="2">
              <value>
                <![CDATA[Lincoln Burrows]]>
              </value>
            </param>
            <param index="3">
              <value>
                <![CDATA[Welcome Lincoln Burrows]]>
              </value>
            </param>
          </params>
          <reporter-output>
          </reporter-output>
        </test-method> <!-- multipleSayHello -->
        <test-method is-config="true" signature="tearDown(org.testng.ITestResult)[pri:0, instance:com.atteam.selenium.testng.test.SayHelloTest@459e9125]" started-at="2022-11-30T22:33:29 ICT" name="tearDown" finished-at="2022-11-30T22:33:29 ICT" duration-ms="61" status="PASS">
          <params>
            <param index="0">
              <value>
                <![CDATA[[TestResult name=multipleSayHello status=SUCCESS method=SayHelloTest.multipleSayHello(java.lang.String,java.lang.String,java.lang.String,java.lang.String)[pri:0, instance:com.atteam.selenium.testng.test.SayHelloTest@459e9125] output={null}]]]>
              </value>
            </param>
          </params>
          <reporter-output>
          </reporter-output>
        </test-method> <!-- tearDown -->
        <test-method is-config="true" signature="setUpClass()[pri:0, instance:com.atteam.selenium.testng.test.SayHelloTest@459e9125]" started-at="2022-11-30T22:33:29 ICT" name="setUpClass" finished-at="2022-11-30T22:33:30 ICT" duration-ms="1340" status="PASS">
          <reporter-output>
          </reporter-output>
        </test-method> <!-- setUpClass -->
        <test-method signature="multipleSayHello(java.lang.String,java.lang.String,java.lang.String,java.lang.String)[pri:0, instance:com.atteam.selenium.testng.test.SayHelloTest@459e9125]" started-at="2022-11-30T22:33:30 ICT" name="multipleSayHello" data-provider="sayHelloData" finished-at="2022-11-30T22:33:33 ICT" duration-ms="3248" status="PASS">
          <params>
            <param index="0">
              <value>
                <![CDATA[EMP03]]>
              </value>
            </param>
            <param index="1">
              <value>
                <![CDATA[123]]>
              </value>
            </param>
            <param index="2">
              <value>
                <![CDATA[Sara Tancredi]]>
              </value>
            </param>
            <param index="3">
              <value>
                <![CDATA[Welcome Sara Tancredi]]>
              </value>
            </param>
          </params>
          <reporter-output>
          </reporter-output>
        </test-method> <!-- multipleSayHello -->
        <test-method is-config="true" signature="tearDown(org.testng.ITestResult)[pri:0, instance:com.atteam.selenium.testng.test.SayHelloTest@459e9125]" started-at="2022-11-30T22:33:33 ICT" name="tearDown" finished-at="2022-11-30T22:33:50 ICT" duration-ms="16275" status="PASS">
          <params>
            <param index="0">
              <value>
                <![CDATA[[TestResult name=multipleSayHello status=SUCCESS method=SayHelloTest.multipleSayHello(java.lang.String,java.lang.String,java.lang.String,java.lang.String)[pri:0, instance:com.atteam.selenium.testng.test.SayHelloTest@459e9125] output={null}]]]>
              </value>
            </param>
          </params>
          <reporter-output>
          </reporter-output>
        </test-method> <!-- tearDown -->
        <test-method is-config="true" signature="setUpClass()[pri:0, instance:com.atteam.selenium.testng.test.SayHelloTest@459e9125]" started-at="2022-11-30T22:33:50 ICT" name="setUpClass" finished-at="2022-11-30T22:33:51 ICT" duration-ms="1510" status="PASS">
          <reporter-output>
          </reporter-output>
        </test-method> <!-- setUpClass -->
        <test-method signature="multipleSayHello(java.lang.String,java.lang.String,java.lang.String,java.lang.String)[pri:0, instance:com.atteam.selenium.testng.test.SayHelloTest@459e9125]" started-at="2022-11-30T22:33:51 ICT" name="multipleSayHello" data-provider="sayHelloData" finished-at="2022-11-30T22:33:54 ICT" duration-ms="3258" status="PASS">
          <params>
            <param index="0">
              <value>
                <![CDATA[EMP04]]>
              </value>
            </param>
            <param index="1">
              <value>
                <![CDATA[123]]>
              </value>
            </param>
            <param index="2">
              <value>
                <![CDATA[Alexander Mahone]]>
              </value>
            </param>
            <param index="3">
              <value>
                <![CDATA[Welcome Alexander Mahone]]>
              </value>
            </param>
          </params>
          <reporter-output>
          </reporter-output>
        </test-method> <!-- multipleSayHello -->
        <test-method is-config="true" signature="tearDown(org.testng.ITestResult)[pri:0, instance:com.atteam.selenium.testng.test.SayHelloTest@459e9125]" started-at="2022-11-30T22:33:54 ICT" name="tearDown" finished-at="2022-11-30T22:33:54 ICT" duration-ms="50" status="PASS">
          <params>
            <param index="0">
              <value>
                <![CDATA[[TestResult name=multipleSayHello status=SUCCESS method=SayHelloTest.multipleSayHello(java.lang.String,java.lang.String,java.lang.String,java.lang.String)[pri:0, instance:com.atteam.selenium.testng.test.SayHelloTest@459e9125] output={null}]]]>
              </value>
            </param>
          </params>
          <reporter-output>
          </reporter-output>
        </test-method> <!-- tearDown -->
        <test-method is-config="true" signature="setUpClass()[pri:0, instance:com.atteam.selenium.testng.test.SayHelloTest@459e9125]" started-at="2022-11-30T22:33:54 ICT" name="setUpClass" finished-at="2022-11-30T22:33:56 ICT" duration-ms="1539" status="PASS">
          <reporter-output>
          </reporter-output>
        </test-method> <!-- setUpClass -->
        <test-method signature="multipleSayHello(java.lang.String,java.lang.String,java.lang.String,java.lang.String)[pri:0, instance:com.atteam.selenium.testng.test.SayHelloTest@459e9125]" started-at="2022-11-30T22:33:56 ICT" name="multipleSayHello" data-provider="sayHelloData" finished-at="2022-11-30T22:33:59 ICT" duration-ms="3271" status="PASS">
          <params>
            <param index="0">
              <value>
                <![CDATA[EMP05]]>
              </value>
            </param>
            <param index="1">
              <value>
                <![CDATA[123]]>
              </value>
            </param>
            <param index="2">
              <value>
                <![CDATA[Fenando Sucre]]>
              </value>
            </param>
            <param index="3">
              <value>
                <![CDATA[Welcome Fenando Sucre]]>
              </value>
            </param>
          </params>
          <reporter-output>
          </reporter-output>
        </test-method> <!-- multipleSayHello -->
        <test-method is-config="true" signature="tearDown(org.testng.ITestResult)[pri:0, instance:com.atteam.selenium.testng.test.SayHelloTest@459e9125]" started-at="2022-11-30T22:33:59 ICT" name="tearDown" finished-at="2022-11-30T22:34:16 ICT" duration-ms="16249" status="PASS">
          <params>
            <param index="0">
              <value>
                <![CDATA[[TestResult name=multipleSayHello status=SUCCESS method=SayHelloTest.multipleSayHello(java.lang.String,java.lang.String,java.lang.String,java.lang.String)[pri:0, instance:com.atteam.selenium.testng.test.SayHelloTest@459e9125] output={null}]]]>
              </value>
            </param>
          </params>
          <reporter-output>
          </reporter-output>
        </test-method> <!-- tearDown -->
        <test-method is-config="true" signature="setUpClass()[pri:0, instance:com.atteam.selenium.testng.test.SayHelloTest@459e9125]" started-at="2022-11-30T22:34:16 ICT" name="setUpClass" finished-at="2022-11-30T22:34:17 ICT" duration-ms="1490" status="PASS">
          <reporter-output>
          </reporter-output>
        </test-method> <!-- setUpClass -->
        <test-method signature="multipleSayHello(java.lang.String,java.lang.String,java.lang.String,java.lang.String)[pri:0, instance:com.atteam.selenium.testng.test.SayHelloTest@459e9125]" started-at="2022-11-30T22:34:17 ICT" name="multipleSayHello" data-provider="sayHelloData" finished-at="2022-11-30T22:34:20 ICT" duration-ms="3257" status="PASS">
          <params>
            <param index="0">
              <value>
                <![CDATA[EMP06]]>
              </value>
            </param>
            <param index="1">
              <value>
                <![CDATA[123]]>
              </value>
            </param>
            <param index="2">
              <value>
                <![CDATA[Michael Scott]]>
              </value>
            </param>
            <param index="3">
              <value>
                <![CDATA[Welcome Michael Scott]]>
              </value>
            </param>
          </params>
          <reporter-output>
          </reporter-output>
        </test-method> <!-- multipleSayHello -->
        <test-method is-config="true" signature="tearDown(org.testng.ITestResult)[pri:0, instance:com.atteam.selenium.testng.test.SayHelloTest@459e9125]" started-at="2022-11-30T22:34:20 ICT" name="tearDown" finished-at="2022-11-30T22:34:37 ICT" duration-ms="16269" status="PASS">
          <params>
            <param index="0">
              <value>
                <![CDATA[[TestResult name=multipleSayHello status=SUCCESS method=SayHelloTest.multipleSayHello(java.lang.String,java.lang.String,java.lang.String,java.lang.String)[pri:0, instance:com.atteam.selenium.testng.test.SayHelloTest@459e9125] output={null}]]]>
              </value>
            </param>
          </params>
          <reporter-output>
          </reporter-output>
        </test-method> <!-- tearDown -->
        <test-method is-config="true" signature="destroy()[pri:0, instance:com.atteam.selenium.testng.test.SayHelloTest@459e9125]" started-at="2022-11-30T22:34:37 ICT" name="destroy" finished-at="2022-11-30T22:34:37 ICT" duration-ms="142" status="PASS">
          <reporter-output>
          </reporter-output>
        </test-method> <!-- destroy -->
      </class> <!-- com.atteam.selenium.testng.test.SayHelloTest -->
    </test> <!-- Default test -->
  </suite> <!-- Default suite -->
</testng-results>
