<?xml version="1.0" encoding="UTF-8"?>
<testng-results ignored="0" total="6" passed="6" failed="0" skipped="0">
  <reporter-output>
  </reporter-output>
  <suite started-at="2022-11-30T22:04:22 ICT" name="Default suite" finished-at="2022-11-30T22:06:29 ICT" duration-ms="127631">
    <groups>
    </groups>
    <test started-at="2022-11-30T22:04:22 ICT" name="Default test" finished-at="2022-11-30T22:06:29 ICT" duration-ms="127631">
      <class name="com.atteam.selenium.testng.test.SayHelloTest">
        <test-method is-config="true" signature="init()[pri:0, instance:com.atteam.selenium.testng.test.SayHelloTest@459e9125]" started-at="2022-11-30T22:04:22 ICT" name="init" finished-at="2022-11-30T22:04:22 ICT" duration-ms="4" status="PASS">
          <reporter-output>
          </reporter-output>
        </test-method> <!-- init -->
        <test-method is-config="true" signature="setUpClass()[pri:0, instance:com.atteam.selenium.testng.test.SayHelloTest@459e9125]" started-at="2022-11-30T22:04:23 ICT" name="setUpClass" finished-at="2022-11-30T22:04:25 ICT" duration-ms="2389" status="PASS">
          <reporter-output>
          </reporter-output>
        </test-method> <!-- setUpClass -->
        <test-method signature="multipleSayHello(java.lang.String,java.lang.String,java.lang.String,java.lang.String)[pri:0, instance:com.atteam.selenium.testng.test.SayHelloTest@459e9125]" started-at="2022-11-30T22:04:25 ICT" name="multipleSayHello" data-provider="sayHelloData" finished-at="2022-11-30T22:04:28 ICT" duration-ms="3274" status="PASS">
          <params>
            <param index="0">
              <value>
                <![CDATA[EMP01]]>
              </value>
            </param>
            <param index="1">
              <value>
                <![CDATA[123]]>
              </value>
            </param>
            <param index="2">
              <value>
                <![CDATA[Michael Scofield]]>
              </value>
            </param>
            <param index="3">
              <value>
                <![CDATA[Welcome Michael Scofield]]>
              </value>
            </param>
          </params>
          <reporter-output>
          </reporter-output>
        </test-method> <!-- multipleSayHello -->
        <test-method is-config="true" signature="tearDown(org.testng.ITestResult)[pri:0, instance:com.atteam.selenium.testng.test.SayHelloTest@459e9125]" started-at="2022-11-30T22:04:28 ICT" name="tearDown" finished-at="2022-11-30T22:04:45 ICT" duration-ms="16267" status="PASS">
          <params>
            <param index="0">
              <value>
                <![CDATA[[TestResult name=multipleSayHello status=SUCCESS method=SayHelloTest.multipleSayHello(java.lang.String,java.lang.String,java.lang.String,java.lang.String)[pri:0, instance:com.atteam.selenium.testng.test.SayHelloTest@459e9125] output={null}]]]>
              </value>
            </param>
          </params>
          <reporter-output>
          </reporter-output>
        </test-method> <!-- tearDown -->
        <test-method is-config="true" signature="setUpClass()[pri:0, instance:com.atteam.selenium.testng.test.SayHelloTest@459e9125]" started-at="2022-11-30T22:04:45 ICT" name="setUpClass" finished-at="2022-11-30T22:04:46 ICT" duration-ms="1314" status="PASS">
          <reporter-output>
          </reporter-output>
        </test-method> <!-- setUpClass -->
        <test-method signature="multipleSayHello(java.lang.String,java.lang.String,java.lang.String,java.lang.String)[pri:0, instance:com.atteam.selenium.testng.test.SayHelloTest@459e9125]" started-at="2022-11-30T22:04:46 ICT" name="multipleSayHello" data-provider="sayHelloData" finished-at="2022-11-30T22:04:49 ICT" duration-ms="3214" status="PASS">
          <params>
            <param index="0">
              <value>
                <![CDATA[EMP02]]>
              </value>
            </param>
            <param index="1">
              <value>
                <![CDATA[123]]>
              </value>
            </param>
            <param index="2">
              <value>
                <![CDATA[Lincoln Burrows]]>
              </value>
            </param>
            <param index="3">
              <value>
                <![CDATA[Welcome Lincoln Burrows]]>
              </value>
            </param>
          </params>
          <reporter-output>
          </reporter-output>
        </test-method> <!-- multipleSayHello -->
        <test-method is-config="true" signature="tearDown(org.testng.ITestResult)[pri:0, instance:com.atteam.selenium.testng.test.SayHelloTest@459e9125]" started-at="2022-11-30T22:04:49 ICT" name="tearDown" finished-at="2022-11-30T22:05:05 ICT" duration-ms="16298" status="PASS">
          <params>
            <param index="0">
              <value>
                <![CDATA[[TestResult name=multipleSayHello status=SUCCESS method=SayHelloTest.multipleSayHello(java.lang.String,java.lang.String,java.lang.String,java.lang.String)[pri:0, instance:com.atteam.selenium.testng.test.SayHelloTest@459e9125] output={null}]]]>
              </value>
            </param>
          </params>
          <reporter-output>
          </reporter-output>
        </test-method> <!-- tearDown -->
        <test-method is-config="true" signature="setUpClass()[pri:0, instance:com.atteam.selenium.testng.test.SayHelloTest@459e9125]" started-at="2022-11-30T22:05:05 ICT" name="setUpClass" finished-at="2022-11-30T22:05:07 ICT" duration-ms="1450" status="PASS">
          <reporter-output>
          </reporter-output>
        </test-method> <!-- setUpClass -->
        <test-method signature="multipleSayHello(java.lang.String,java.lang.String,java.lang.String,java.lang.String)[pri:0, instance:com.atteam.selenium.testng.test.SayHelloTest@459e9125]" started-at="2022-11-30T22:05:07 ICT" name="multipleSayHello" data-provider="sayHelloData" finished-at="2022-11-30T22:05:10 ICT" duration-ms="3243" status="PASS">
          <params>
            <param index="0">
              <value>
                <![CDATA[EMP03]]>
              </value>
            </param>
            <param index="1">
              <value>
                <![CDATA[123]]>
              </value>
            </param>
            <param index="2">
              <value>
                <![CDATA[Sara Tancredi]]>
              </value>
            </param>
            <param index="3">
              <value>
                <![CDATA[Welcome Sara Tancredi]]>
              </value>
            </param>
          </params>
          <reporter-output>
          </reporter-output>
        </test-method> <!-- multipleSayHello -->
        <test-method is-config="true" signature="tearDown(org.testng.ITestResult)[pri:0, instance:com.atteam.selenium.testng.test.SayHelloTest@459e9125]" started-at="2022-11-30T22:05:10 ICT" name="tearDown" finished-at="2022-11-30T22:05:26 ICT" duration-ms="16261" status="PASS">
          <params>
            <param index="0">
              <value>
                <![CDATA[[TestResult name=multipleSayHello status=SUCCESS method=SayHelloTest.multipleSayHello(java.lang.String,java.lang.String,java.lang.String,java.lang.String)[pri:0, instance:com.atteam.selenium.testng.test.SayHelloTest@459e9125] output={null}]]]>
              </value>
            </param>
          </params>
          <reporter-output>
          </reporter-output>
        </test-method> <!-- tearDown -->
        <test-method is-config="true" signature="setUpClass()[pri:0, instance:com.atteam.selenium.testng.test.SayHelloTest@459e9125]" started-at="2022-11-30T22:05:26 ICT" name="setUpClass" finished-at="2022-11-30T22:05:28 ICT" duration-ms="1302" status="PASS">
          <reporter-output>
          </reporter-output>
        </test-method> <!-- setUpClass -->
        <test-method signature="multipleSayHello(java.lang.String,java.lang.String,java.lang.String,java.lang.String)[pri:0, instance:com.atteam.selenium.testng.test.SayHelloTest@459e9125]" started-at="2022-11-30T22:05:28 ICT" name="multipleSayHello" data-provider="sayHelloData" finished-at="2022-11-30T22:05:31 ICT" duration-ms="3254" status="PASS">
          <params>
            <param index="0">
              <value>
                <![CDATA[EMP04]]>
              </value>
            </param>
            <param index="1">
              <value>
                <![CDATA[123]]>
              </value>
            </param>
            <param index="2">
              <value>
                <![CDATA[Alexander Mahone]]>
              </value>
            </param>
            <param index="3">
              <value>
                <![CDATA[Welcome Alexander Mahone]]>
              </value>
            </param>
          </params>
          <reporter-output>
          </reporter-output>
        </test-method> <!-- multipleSayHello -->
        <test-method is-config="true" signature="tearDown(org.testng.ITestResult)[pri:0, instance:com.atteam.selenium.testng.test.SayHelloTest@459e9125]" started-at="2022-11-30T22:05:31 ICT" name="tearDown" finished-at="2022-11-30T22:05:47 ICT" duration-ms="16180" status="PASS">
          <params>
            <param index="0">
              <value>
                <![CDATA[[TestResult name=multipleSayHello status=SUCCESS method=SayHelloTest.multipleSayHello(java.lang.String,java.lang.String,java.lang.String,java.lang.String)[pri:0, instance:com.atteam.selenium.testng.test.SayHelloTest@459e9125] output={null}]]]>
              </value>
            </param>
          </params>
          <reporter-output>
          </reporter-output>
        </test-method> <!-- tearDown -->
        <test-method is-config="true" signature="setUpClass()[pri:0, instance:com.atteam.selenium.testng.test.SayHelloTest@459e9125]" started-at="2022-11-30T22:05:47 ICT" name="setUpClass" finished-at="2022-11-30T22:05:48 ICT" duration-ms="1339" status="PASS">
          <reporter-output>
          </reporter-output>
        </test-method> <!-- setUpClass -->
        <test-method signature="multipleSayHello(java.lang.String,java.lang.String,java.lang.String,java.lang.String)[pri:0, instance:com.atteam.selenium.testng.test.SayHelloTest@459e9125]" started-at="2022-11-30T22:05:48 ICT" name="multipleSayHello" data-provider="sayHelloData" finished-at="2022-11-30T22:05:52 ICT" duration-ms="3257" status="PASS">
          <params>
            <param index="0">
              <value>
                <![CDATA[EMP05]]>
              </value>
            </param>
            <param index="1">
              <value>
                <![CDATA[123]]>
              </value>
            </param>
            <param index="2">
              <value>
                <![CDATA[Fenando Sucre]]>
              </value>
            </param>
            <param index="3">
              <value>
                <![CDATA[Welcome Fenando Sucre]]>
              </value>
            </param>
          </params>
          <reporter-output>
          </reporter-output>
        </test-method> <!-- multipleSayHello -->
        <test-method is-config="true" signature="tearDown(org.testng.ITestResult)[pri:0, instance:com.atteam.selenium.testng.test.SayHelloTest@459e9125]" started-at="2022-11-30T22:05:52 ICT" name="tearDown" finished-at="2022-11-30T22:06:08 ICT" duration-ms="16279" status="PASS">
          <params>
            <param index="0">
              <value>
                <![CDATA[[TestResult name=multipleSayHello status=SUCCESS method=SayHelloTest.multipleSayHello(java.lang.String,java.lang.String,java.lang.String,java.lang.String)[pri:0, instance:com.atteam.selenium.testng.test.SayHelloTest@459e9125] output={null}]]]>
              </value>
            </param>
          </params>
          <reporter-output>
          </reporter-output>
        </test-method> <!-- tearDown -->
        <test-method is-config="true" signature="setUpClass()[pri:0, instance:com.atteam.selenium.testng.test.SayHelloTest@459e9125]" started-at="2022-11-30T22:06:08 ICT" name="setUpClass" finished-at="2022-11-30T22:06:10 ICT" duration-ms="1853" status="PASS">
          <reporter-output>
          </reporter-output>
        </test-method> <!-- setUpClass -->
        <test-method signature="multipleSayHello(java.lang.String,java.lang.String,java.lang.String,java.lang.String)[pri:0, instance:com.atteam.selenium.testng.test.SayHelloTest@459e9125]" started-at="2022-11-30T22:06:10 ICT" name="multipleSayHello" data-provider="sayHelloData" finished-at="2022-11-30T22:06:13 ICT" duration-ms="3240" status="PASS">
          <params>
            <param index="0">
              <value>
                <![CDATA[EMP06]]>
              </value>
            </param>
            <param index="1">
              <value>
                <![CDATA[123]]>
              </value>
            </param>
            <param index="2">
              <value>
                <![CDATA[Michael Scott]]>
              </value>
            </param>
            <param index="3">
              <value>
                <![CDATA[Welcome Michael Scott]]>
              </value>
            </param>
          </params>
          <reporter-output>
          </reporter-output>
        </test-method> <!-- multipleSayHello -->
        <test-method is-config="true" signature="tearDown(org.testng.ITestResult)[pri:0, instance:com.atteam.selenium.testng.test.SayHelloTest@459e9125]" started-at="2022-11-30T22:06:13 ICT" name="tearDown" finished-at="2022-11-30T22:06:29 ICT" duration-ms="16295" status="PASS">
          <params>
            <param index="0">
              <value>
                <![CDATA[[TestResult name=multipleSayHello status=SUCCESS method=SayHelloTest.multipleSayHello(java.lang.String,java.lang.String,java.lang.String,java.lang.String)[pri:0, instance:com.atteam.selenium.testng.test.SayHelloTest@459e9125] output={null}]]]>
              </value>
            </param>
          </params>
          <reporter-output>
          </reporter-output>
        </test-method> <!-- tearDown -->
        <test-method is-config="true" signature="destroy()[pri:0, instance:com.atteam.selenium.testng.test.SayHelloTest@459e9125]" started-at="2022-11-30T22:06:29 ICT" name="destroy" finished-at="2022-11-30T22:06:29 ICT" duration-ms="156" status="PASS">
          <reporter-output>
          </reporter-output>
        </test-method> <!-- destroy -->
      </class> <!-- com.atteam.selenium.testng.test.SayHelloTest -->
    </test> <!-- Default test -->
  </suite> <!-- Default suite -->
</testng-results>
